
    /*===================================================================='\
    |                                                                      |
    |                        lllllll                                       |
    |                        l:::::l                                       |
    |                        l:::::l                                       |
    |                        l:::::l                                       |
    |    ppppp   ppppppppp    l::::l    ooooooooooo     aaaaaaaaaaaaa      |
    |    p::::ppp:::::::::p   l::::l  oo:::::::::::oo   a::::::::::::a     |
    |    p:::::::::::::::::p  l::::l o:::::::::::::::o  aaaaaaaaa:::::a    |
    |    pp::::::ppppp::::::p l::::l o:::::ooooo:::::o           a::::a    |
    |     p:::::p     p:::::p l::::l o::::o     o::::o    aaaaaaa:::::a    |
    |     p:::::p     p:::::p l::::l o::::o     o::::o  aa::::::::::::a    |
    |     p:::::p     p:::::p l::::l o::::o     o::::o a::::aaaa::::::a    |
    |     p:::::p    p::::::p l::::l o::::o     o::::oa::::a    a:::::a    |
    |     p:::::ppppp:::::::pl::::::lo:::::ooooo:::::oa::::a    a:::::a    |
    |     p::::::::::::::::p l::::::lo:::::::::::::::oa:::::aaaa::::::a    |
    |     p::::::::::::::pp  l::::::l oo:::::::::::oo  a::::::::::aa:::a   |
    |     p::::::pppppppp    llllllll   ooooooooooo     aaaaaaaaaa  aaaa   |
    |     p:::::p                                                          |
    |     p:::::p                                                          |
    |    p:::::::p                                                         |
    |    p:::::::p                                                         |
    |    p:::::::p                                                         |
    |    ppppppppp                                                         |                     
    |                                                                      |
    \'===================================================================='/


v0.3
    Added text formating

v0.22
    Autofucus login and writer title
v0.21 
    Added version checking to alert user to updates
    
v0.2 - Starting to log
    New Features:
        - RSS feed of posts
        - Ability to change the HTML tags used to output blog posts
        - Hidding posts
        - Navigation menu for posts
        
Changelog start.

v0.1 - First usable state
     - Basic Features have been created
     - Manage page
     - Database Backend
